674	-1	-1	-1	
289	-1	-1	-1	
6	-1	-1	-1	
292	579	-1	-1	
485	-1	-1	-1	
-1	-1	-1	-1	
2	493	106	-1	
-1	-1	-1	-1	
677	-1	-1	-1	
-1	-1	-1	-1	
496	210	-1	-1	
-1	-1	-1	-1	
-1	-1	-1	-1	
107	-1	-1	-1	
396	310	779	112	
-1	-1	-1	-1	
308	215	-1	-1	
-1	-1	-1	-1	
314	691	-1	-1	
403	-1	-1	-1	
125	593	-1	-1	
697	889	-1	-1	
301	406	214	-1	
694	-1	-1	-1	
-1	-1	-1	-1	
-1	-1	-1	-1	
600	417	-1	-1	
-1	-1	-1	-1	
-1	-1	-1	-1	
798	-1	-1	-1	
706	314	-1	-1	
-1	-1	-1	-1	
131	329	-1	-1	
37	220	-1	-1	
-1	-1	-1	-1	
321	612	-1	-1	
611	-1	-1	-1	
33	-1	-1	-1	
-1	-1	-1	-1	
-1	-1	-1	-1	
132	-1	-1	-1	
130	-1	-1	-1	
523	-1	-1	-1	
622	226	-1	-1	
620	530	-1	-1	
-1	-1	-1	-1	
529	-1	-1	-1	
-1	-1	-1	-1	
-1	-1	-1	-1	
243	-1	-1	-1	
339	437	-1	-1	
334	-1	-1	-1	
439	-1	-1	-1	
817	-1	-1	-1	
-1	-1	-1	-1	
-1	-1	-1	-1	
-1	-1	-1	-1	
635	530	-1	-1	
254	633	-1	-1	
248	-1	-1	-1	
546	826	-1	-1	
-1	-1	-1	-1	
732	-1	-1	-1	
347	166	-1	-1	
343	445	-1	-1	
-1	-1	-1	-1	
-1	-1	-1	-1	
-1	-1	-1	-1	
645	930	-1	-1	
354	736	-1	-1	
834	-1	-1	-1	
-1	-1	-1	-1	
258	838	-1	-1	
652	164	366	161	
643	-1	-1	-1	
-1	-1	-1	-1	
373	-1	-1	-1	
553	-1	-1	-1	
173	845	266	-1	
-1	-1	-1	-1	
265	659	-1	-1	
468	-1	-1	-1	
560	-1	-1	-1	
566	-1	-1	-1	
-1	-1	-1	-1	
948	-1	-1	-1	
-1	-1	-1	-1	
-1	-1	-1	-1	
856	567	853	-1	
-1	-1	-1	-1	
276	-1	-1	-1	
94	-1	-1	-1	
-1	-1	-1	-1	
-1	-1	-1	-1	
91	-1	-1	-1	
-1	-1	-1	-1	
-1	-1	-1	-1	
291	-1	-1	-1	
581	777	-1	-1	
865	489	-1	-1	
675	582	-1	-1	
486	768	-1	-1	
-1	-1	-1	-1	
-1	-1	-1	-1	
578	675	-1	-1	
197	385	-1	-1	
781	6	-1	-1	
292	13	306	-1	
501	775	-1	-1	
874	-1	-1	-1	
678	875	-1	-1	
404	585	-1	-1	
595	14	113	-1	
112	506	-1	-1	
586	203	600	-1	
494	-1	-1	-1	
-1	-1	-1	-1	
500	509	303	-1	
790	500	-1	-1	
211	-1	-1	-1	
691	-1	-1	-1	
-1	-1	-1	-1	
-1	-1	-1	-1	
412	-1	-1	-1	
127	-1	-1	-1	
20	604	-1	-1	
327	-1	-1	-1	
124	-1	-1	-1	
-1	-1	-1	-1	
-1	-1	-1	-1	
41	-1	-1	-1	
32	996	-1	-1	
40	993	-1	-1	
233	-1	-1	-1	
996	-1	-1	-1	
-1	-1	-1	-1	
-1	-1	-1	-1	
235	-1	-1	-1	
-1	-1	-1	-1	
227	-1	-1	-1	
-1	-1	-1	-1	
437	906	-1	-1	
335	809	147	-1	
327	-1	-1	-1	
339	436	-1	-1	
1010	-1	-1	-1	
-1	-1	-1	-1	
522	622	142	-1	
336	-1	-1	-1	
-1	-1	-1	-1	
-1	-1	-1	-1	
-1	-1	-1	-1	
254	1013	-1	-1	
-1	-1	-1	-1	
-1	-1	-1	-1	
348	723	442	-1	
355	-1	-1	-1	
1017	-1	-1	-1	
739	-1	-1	-1	
261	-1	-1	-1	
633	-1	-1	-1	
73	-1	-1	-1	
831	-1	-1	-1	
930	-1	-1	-1	
73	-1	-1	-1	
650	648	353	-1	
63	-1	-1	-1	
-1	-1	-1	-1	
450	-1	-1	-1	
747	548	-1	-1	
-1	-1	-1	-1	
841	-1	-1	-1	
-1	-1	-1	-1	
268	78	-1	-1	
266	-1	-1	-1	
-1	-1	-1	-1	
551	460	-1	-1	
367	-1	-1	-1	
754	-1	-1	-1	
849	661	-1	-1	
942	270	953	-1	
-1	-1	-1	-1	
661	-1	-1	-1	
856	-1	-1	-1	
-1	-1	-1	-1	
-1	-1	-1	-1	
-1	-1	-1	-1	
-1	-1	-1	-1	
470	671	-1	-1	
-1	-1	-1	-1	
479	-1	-1	-1	
-1	-1	-1	-1	
-1	-1	-1	-1	
864	-1	-1	-1	
-1	-1	-1	-1	
-1	-1	-1	-1	
-1	-1	-1	-1	
105	298	-1	-1	
971	487	-1	-1	
295	485	875	-1	
590	-1	-1	-1	
876	-1	-1	-1	
-1	-1	-1	-1	
114	1068	591	-1	
971	-1	-1	-1	
299	-1	-1	-1	
973	-1	-1	-1	
209	692	978	-1	
875	492	973	-1	
207	403	-1	-1	
10	-1	-1	-1	
119	889	316	976	
-1	-1	-1	-1	
216	-1	-1	-1	
22	-1	-1	-1	
881	595	312	16	
213	884	-1	-1	
306	-1	-1	-1	
1085	-1	-1	-1	
-1	-1	-1	-1	
405	982	33	791	
322	-1	-1	-1	
611	-1	-1	-1	
-1	-1	-1	-1	
901	-1	-1	-1	
904	-1	-1	-1	
43	-1	-1	-1	
139	-1	-1	-1	
801	-1	-1	-1	
804	612	-1	-1	
514	416	-1	-1	
234	-1	-1	-1	
425	-1	-1	-1	
1101	530	133	-1	
231	-1	-1	-1	
137	-1	-1	-1	
720	243	806	-1	
-1	-1	-1	-1	
-1	-1	-1	-1	
-1	-1	-1	-1	
-1	-1	-1	-1	
245	-1	-1	-1	
526	1014	-1	-1	
49	236	-1	-1	
716	535	717	813	
241	1016	-1	-1	
925	249	917	-1	
-1	-1	-1	-1	
727	59	-1	-1	
344	1012	246	-1	
531	920	-1	-1	
834	545	-1	-1	
-1	-1	-1	-1	
-1	-1	-1	-1	
58	152	-1	-1	
-1	-1	-1	-1	
547	-1	-1	-1	
841	361	-1	-1	
538	72	356	-1	
1026	-1	-1	-1	
738	-1	-1	-1	
159	741	-1	-1	
-1	-1	-1	-1	
836	546	544	-1	
-1	-1	-1	-1	
551	80	-1	-1	
174	78	932	552	
-1	-1	-1	-1	
173	658	-1	-1	
743	-1	-1	-1	
180	-1	-1	-1	
-1	-1	-1	-1	
275	-1	-1	-1	
474	846	-1	-1	
760	-1	-1	-1	
470	283	272	763	
559	90	-1	-1	
286	1142	-1	-1	
765	574	-1	-1	
1141	367	-1	-1	
854	367	-1	-1	
-1	-1	-1	-1	
-1	-1	-1	-1	
275	372	1047	-1	
1049	-1	-1	-1	
668	-1	-1	-1	
277	-1	-1	-1	
1050	-1	-1	-1	
773	-1	-1	-1	
1	-1	-1	-1	
291	-1	-1	-1	
481	97	290	-1	
3	107	-1	-1	
384	-1	-1	-1	
-1	-1	-1	-1	
199	-1	-1	-1	
-1	-1	-1	-1	
-1	-1	-1	-1	
388	197	-1	-1	
205	969	-1	-1	
1167	-1	-1	-1	
681	22	-1	-1	
-1	-1	-1	-1	
117	390	404	313	
883	-1	-1	-1	
587	-1	-1	-1	
217	107	-1	-1	
-1	-1	-1	-1	
1077	16	-1	-1	
412	-1	-1	-1	
14	887	978	-1	
316	-1	-1	-1	
215	-1	-1	-1	
303	-1	-1	-1	
18	30	888	-1	
891	-1	-1	-1	
797	311	211	-1	
-1	-1	-1	-1	
-1	-1	-1	-1	
-1	-1	-1	-1	
700	1084	-1	-1	
35	409	-1	-1	
804	1190	221	-1	
615	-1	-1	-1	
1186	-1	-1	-1	
801	-1	-1	-1	
518	620	1096	413	
143	126	-1	-1	
1097	-1	-1	-1	
515	32	-1	-1	
-1	-1	-1	-1	
-1	-1	-1	-1	
-1	-1	-1	-1	
-1	-1	-1	-1	
51	629	-1	-1	
142	818	1000	-1	
148	-1	-1	-1	
433	812	-1	-1	
623	1198	1100	-1	
535	144	50	-1	
350	-1	-1	-1	
442	-1	-1	-1	
823	-1	-1	-1	
718	64	629	-1	
249	-1	-1	-1	
1108	-1	-1	-1	
1108	544	640	-1	
63	-1	-1	-1	
1114	155	-1	-1	
646	-1	-1	-1	
742	359	340	-1	
-1	-1	-1	-1	
447	-1	-1	-1	
165	-1	-1	-1	
452	69	-1	-1	
156	-1	-1	-1	
651	842	258	-1	
-1	-1	-1	-1	
452	-1	-1	-1	
350	1220	-1	-1	
1130	-1	-1	-1	
257	932	-1	-1	
-1	-1	-1	-1	
1230	-1	-1	-1	
649	-1	-1	-1	
-1	-1	-1	-1	
73	-1	-1	-1	
177	280	279	662	
-1	-1	-1	-1	
1047	-1	-1	-1	
760	-1	-1	-1	
1133	-1	-1	-1	
283	666	-1	-1	
1144	470	76	-1	
657	-1	-1	-1	
463	-1	-1	-1	
950	563	754	-1	
-1	-1	-1	-1	
-1	-1	-1	-1	
-1	-1	-1	-1	
-1	-1	-1	-1	
1246	-1	-1	-1	
-1	-1	-1	-1	
663	-1	-1	-1	
293	-1	-1	-1	
105	-1	-1	-1	
962	-1	-1	-1	
769	390	-1	-1	
298	-1	-1	-1	
-1	-1	-1	-1	
303	387	-1	-1	
-1	-1	-1	-1	
-1	-1	-1	-1	
576	684	873	-1	
-1	-1	-1	-1	
399	-1	-1	-1	
771	14	778	-1	
-1	-1	-1	-1	
-1	-1	-1	-1	
791	395	-1	-1	
410	983	1067	-1	
506	-1	-1	-1	
501	-1	-1	-1	
19	209	-1	-1	
111	303	-1	-1	
1078	1179	220	792	
22	-1	-1	-1	
783	-1	-1	-1	
-1	-1	-1	-1	
321	600	-1	-1	
991	414	400	-1	
499	694	-1	-1	
123	309	-1	-1	
700	326	-1	-1	
410	501	-1	-1	
-1	-1	-1	-1	
1278	516	230	-1	
419	26	-1	-1	
-1	-1	-1	-1	
995	417	426	-1	
1001	-1	-1	-1	
-1	-1	-1	-1	
-1	-1	-1	-1	
1005	-1	-1	-1	
898	707	426	811	
1095	232	-1	-1	
527	424	710	419	
-1	-1	-1	-1	
-1	-1	-1	-1	
625	-1	-1	-1	
1011	-1	-1	-1	
-1	-1	-1	-1	
-1	-1	-1	-1	
1002	337	-1	-1	
-1	-1	-1	-1	
716	1019	-1	-1	
144	1210	1019	728	
812	141	50	1301	
-1	-1	-1	-1	
52	-1	-1	-1	
445	-1	-1	-1	
832	-1	-1	-1	
341	918	155	633	
1025	-1	-1	-1	
-1	-1	-1	-1	
440	64	-1	-1	
641	-1	-1	-1	
737	352	-1	-1	
1022	1218	-1	-1	
829	-1	-1	-1	
1316	929	168	-1	
-1	-1	-1	-1	
354	740	358	-1	
1413	841	-1	-1	
-1	-1	-1	-1	
1226	-1	-1	-1	
-1	-1	-1	-1	
933	-1	-1	-1	
655	-1	-1	-1	
-1	-1	-1	-1	
646	176	-1	-1	
564	-1	-1	-1	
-1	-1	-1	-1	
1039	1142	375	938	
665	566	-1	-1	
945	-1	-1	-1	
-1	-1	-1	-1	
1040	-1	-1	-1	
81	-1	-1	-1	
1237	-1	-1	-1	
275	373	188	559	
477	-1	-1	-1	
1049	855	853	-1	
-1	-1	-1	-1	
1147	273	-1	-1	
-1	-1	-1	-1	
-1	-1	-1	-1	
564	471	-1	-1	
758	-1	-1	-1	
190	-1	-1	-1	
-1	-1	-1	-1	
772	291	-1	-1	
768	-1	-1	-1	
967	-1	-1	-1	
-1	-1	-1	-1	
4	199	965	-1	
101	873	962	-1	
198	576	-1	-1	
-1	-1	-1	-1	
678	99	-1	-1	
-1	-1	-1	-1	
1255	-1	-1	-1	
1071	1355	208	-1	
970	6	-1	-1	
115	976	-1	-1	
1163	-1	-1	-1	
10	979	-1	-1	
776	1269	-1	-1	
-1	-1	-1	-1	
411	-1	-1	-1	
117	118	-1	-1	
108	402	414	-1	
987	977	882	-1	
601	-1	-1	-1	
1267	1176	-1	-1	
882	694	-1	-1	
401	1278	113	-1	
793	-1	-1	-1	
-1	-1	-1	-1	
602	117	598	1370	
-1	-1	-1	-1	
610	-1	-1	-1	
-1	-1	-1	-1	
1093	-1	-1	-1	
704	996	230	-1	
329	797	-1	-1	
416	999	-1	-1	
899	-1	-1	-1	
326	-1	-1	-1	
621	-1	-1	-1	
911	1291	-1	-1	
-1	-1	-1	-1	
714	810	147	-1	
1389	707	42	626	
1189	614	-1	-1	
713	-1	-1	-1	
242	-1	-1	-1	
727	426	626	1105	
538	-1	-1	-1	
46	-1	-1	-1	
57	233	44	-1	
250	1302	-1	-1	
818	-1	-1	-1	
1204	-1	-1	-1	
-1	-1	-1	-1	
339	244	-1	-1	
726	1009	-1	-1	
732	929	-1	-1	
258	528	1309	914	
1111	-1	-1	-1	
-1	-1	-1	-1	
628	-1	-1	-1	
-1	-1	-1	-1	
-1	-1	-1	-1	
1317	263	346	-1	
251	1033	-1	-1	
60	263	-1	-1	
256	1126	1319	-1	
1316	169	-1	-1	
1025	-1	-1	-1	
834	-1	-1	-1	
176	265	-1	-1	
1315	266	-1	-1	
77	1125	1232	-1	
-1	-1	-1	-1	
1037	1127	560	-1	
744	-1	-1	-1	
747	646	946	-1	
-1	-1	-1	-1	
276	1040	470	660	
82	752	555	-1	
-1	-1	-1	-1	
-1	-1	-1	-1	
941	376	-1	-1	
461	477	-1	-1	
569	-1	-1	-1	
83	464	1329	1150	
1039	88	753	-1	
763	-1	-1	-1	
671	565	854	1047	
949	-1	-1	-1	
-1	-1	-1	-1	
1437	-1	-1	-1	
-1	-1	-1	-1	
669	1052	278	-1	
-1	-1	-1	-1	
393	487	-1	-1	
1156	-1	-1	-1	
104	-1	-1	-1	
1162	971	3	-1	
-1	-1	-1	-1	
98	773	781	-1	
100	-1	-1	-1	
772	-1	-1	-1	
872	-1	-1	-1	
587	685	1168	111	
114	684	972	-1	
585	305	-1	-1	
-1	-1	-1	-1	
1166	594	-1	-1	
1265	200	974	-1	
1268	203	-1	-1	
-1	-1	-1	-1	
20	-1	-1	-1	
691	589	-1	-1	
112	215	1455	-1	
781	981	-1	-1	
-1	-1	-1	-1	
784	509	-1	-1	
1171	-1	-1	-1	
26	114	409	-1	
503	-1	-1	-1	
509	-1	-1	-1	
-1	-1	-1	-1	
1470	125	-1	-1	
1370	-1	-1	-1	
607	992	1088	-1	
808	606	-1	-1	
1285	901	-1	-1	
700	-1	-1	-1	
511	-1	-1	-1	
222	36	-1	-1	
1084	1382	229	35	
907	-1	-1	-1	
524	-1	-1	-1	
716	323	1001	803	
997	-1	-1	-1	
1104	1092	-1	-1	
-1	-1	-1	-1	
805	1388	-1	-1	
1487	326	44	-1	
519	-1	-1	-1	
904	806	43	147	
338	817	-1	-1	
1386	1017	-1	-1	
725	429	-1	-1	
728	636	527	523	
820	1396	1206	1101	
541	1020	-1	-1	
343	334	-1	-1	
927	1304	-1	-1	
1305	1107	-1	-1	
721	-1	-1	-1	
1022	58	160	442	
-1	-1	-1	-1	
57	1204	-1	-1	
821	626	725	-1	
1214	-1	-1	-1	
-1	-1	-1	-1	
640	738	-1	-1	
838	930	639	346	
446	1225	-1	-1	
-1	-1	-1	-1	
74	-1	-1	-1	
1212	1035	-1	-1	
68	749	-1	-1	
1034	349	557	460	
-1	-1	-1	-1	
1218	165	-1	-1	
364	1418	1036	-1	
165	742	1125	-1	
356	-1	-1	-1	
73	1229	742	939	
948	853	-1	-1	
1425	1330	-1	-1	
458	1138	1231	-1	
660	-1	-1	-1	
374	1049	-1	-1	
759	268	-1	-1	
80	-1	-1	-1	
950	559	857	656	
182	179	-1	-1	
752	367	-1	-1	
383	-1	-1	-1	
1150	958	-1	-1	
464	-1	-1	-1	
372	-1	-1	-1	
767	-1	-1	-1	
285	-1	-1	-1	
574	765	-1	-1	
956	-1	-1	-1	
569	188	-1	-1	
-1	-1	-1	-1	
1056	-1	-1	-1	
1162	0	-1	-1	
104	100	-1	-1	
-1	-1	-1	-1	
8	-1	-1	-1	
110	970	489	1063	
-1	-1	-1	-1	
1259	-1	-1	-1	
301	-1	-1	-1	
968	-1	-1	-1	
884	-1	-1	-1	
393	586	-1	-1	
585	-1	-1	-1	
970	-1	-1	-1	
1553	788	-1	-1	
1070	-1	-1	-1	
1265	971	784	-1	
-1	-1	-1	-1	
120	594	18	-1	
207	-1	-1	-1	
-1	-1	-1	-1	
885	505	411	23	
1272	1464	-1	-1	
783	-1	-1	-1	
21	788	-1	-1	
-1	-1	-1	-1	
-1	-1	-1	-1	
320	413	609	-1	
885	-1	-1	-1	
-1	-1	-1	-1	
992	899	1080	1176	
1082	514	904	1473	
-1	-1	-1	-1	
1185	1477	30	998	
523	424	-1	-1	
1276	-1	-1	-1	
892	-1	-1	-1	
426	-1	-1	-1	
-1	-1	-1	-1	
1099	719	-1	-1	
1480	525	-1	-1	
522	-1	-1	-1	
1477	1387	-1	-1	
244	435	615	-1	
244	-1	-1	-1	
343	724	-1	-1	
712	-1	-1	-1	
236	815	-1	-1	
632	-1	-1	-1	
1494	1115	-1	-1	
155	-1	-1	-1	
718	-1	-1	-1	
625	821	636	-1	
536	-1	-1	-1	
1111	527	248	1496	
626	1402	823	436	
-1	-1	-1	-1	
-1	-1	-1	-1	
-1	-1	-1	-1	
62	537	1600	-1	
1401	-1	-1	-1	
-1	-1	-1	-1	
-1	-1	-1	-1	
1406	1316	69	-1	
447	-1	-1	-1	
1212	639	260	839	
1226	1025	158	-1	
452	-1	-1	-1	
261	-1	-1	-1	
350	837	652	650	
269	1225	-1	-1	
1513	556	-1	-1	
-1	-1	-1	-1	
1328	837	-1	-1	
557	169	-1	-1	
1139	-1	-1	-1	
645	-1	-1	-1	
1416	1418	1319	1140	
-1	-1	-1	-1	
662	942	560	1419	
937	567	-1	-1	
178	1146	376	-1	
1241	843	1227	850	
1621	761	-1	-1	
1050	-1	-1	-1	
478	1329	1718	953	
658	-1	-1	-1	
274	370	-1	-1	
756	-1	-1	-1	
-1	-1	-1	-1	
1629	568	275	-1	
1240	-1	-1	-1	
278	669	-1	-1	
-1	-1	-1	-1	
667	-1	-1	-1	
482	101	-1	-1	
387	-1	-1	-1	
1152	-1	-1	-1	
1446	396	-1	-1	
481	583	-1	-1	
1260	581	288	-1	
-1	-1	-1	-1	
1067	108	-1	-1	
881	497	1073	-1	
98	1454	-1	-1	
396	-1	-1	-1	
14	-1	-1	-1	
1258	-1	-1	-1	
596	783	106	581	
-1	-1	-1	-1	
407	781	972	696	
598	689	-1	-1	
-1	-1	-1	-1	
1463	-1	-1	-1	
1654	-1	-1	-1	
697	687	1069	-1	
1263	-1	-1	-1	
118	1558	-1	-1	
399	1183	988	220	
405	-1	-1	-1	
981	507	1555	-1	
1178	-1	-1	-1	
1173	-1	-1	-1	
1269	-1	-1	-1	
1274	316	515	-1	
1174	29	-1	-1	
-1	-1	-1	-1	
-1	-1	-1	-1	
325	228	-1	-1	
1191	-1	-1	-1	
1096	615	903	-1	
229	322	1094	811	
1195	619	995	-1	
622	1673	236	-1	
1478	-1	-1	-1	
607	1199	1484	-1	
142	1093	1097	1002	
522	-1	-1	-1	
1005	424	804	-1	
437	1296	337	-1	
1013	244	-1	-1	
913	-1	-1	-1	
1491	909	720	-1	
-1	-1	-1	-1	
623	53	-1	-1	
335	532	1017	-1	
1496	-1	-1	-1	
627	908	-1	-1	
636	725	-1	-1	
1588	-1	-1	-1	
342	728	1396	-1	
-1	-1	-1	-1	
1491	-1	-1	-1	
60	-1	-1	-1	
1309	1300	1206	1592	
1696	-1	-1	-1	
449	-1	-1	-1	
1509	1503	-1	-1	
1698	1401	162	-1	
441	1600	-1	-1	
-1	-1	-1	-1	
70	1601	251	550	
-1	-1	-1	-1	
263	-1	-1	-1	
742	1220	746	-1	
640	1703	72	-1	
738	1604	-1	-1	
-1	-1	-1	-1	
257	171	1420	453	
356	1234	-1	-1	
755	1028	-1	-1	
1523	-1	-1	-1	
78	-1	-1	-1	
1140	273	-1	-1	
852	-1	-1	-1	
1045	950	-1	-1	
179	-1	-1	-1	
755	-1	-1	-1	
1244	-1	-1	-1	
847	-1	-1	-1	
88	653	472	-1	
280	569	-1	-1	
472	1247	-1	-1	
88	949	183	-1	
660	-1	-1	-1	
1624	-1	-1	-1	
1726	-1	-1	-1	
-1	-1	-1	-1	
-1	-1	-1	-1	
1436	-1	-1	-1	
-1	-1	-1	-1	
193	-1	-1	-1	
99	-1	-1	-1	
1540	961	-1	-1	
-1	-1	-1	-1	
-1	-1	-1	-1	
-1	-1	-1	-1	
1448	-1	-1	-1	
-1	-1	-1	-1	
1161	584	-1	-1	
486	393	-1	-1	
1550	1350	109	-1	
110	208	199	-1	
201	-1	-1	-1	
1076	-1	-1	-1	
1257	-1	-1	-1	
1363	-1	-1	-1	
-1	-1	-1	-1	
776	215	1552	890	
505	1269	502	-1	
1656	304	-1	-1	
683	216	-1	-1	
1069	694	701	-1	
-1	-1	-1	-1	
310	1559	1274	-1	
1079	1184	314	-1	
211	986	21	1468	
881	-1	-1	-1	
315	1563	-1	-1	
709	-1	-1	-1	
1286	1085	-1	-1	
1270	-1	-1	-1	
1382	-1	-1	-1	
1467	-1	-1	-1	
1671	-1	-1	-1	
424	1565	-1	-1	
703	903	517	-1	
1083	-1	-1	-1	
224	1091	608	-1	
990	1290	-1	-1	
1199	899	1091	803	
622	704	225	1667	
-1	-1	-1	-1	
141	-1	-1	-1	
613	-1	-1	-1	
1196	820	-1	-1	
815	1580	-1	-1	
-1	-1	-1	-1	
520	1198	-1	-1	
1297	-1	-1	-1	
814	-1	-1	-1	
538	-1	-1	-1	
1585	1688	-1	-1	
1591	1308	1298	-1	
246	-1	-1	-1	
442	1102	-1	-1	
1779	-1	-1	-1	
250	-1	-1	-1	
-1	-1	-1	-1	
930	1591	-1	-1	
-1	-1	-1	-1	
1204	-1	-1	-1	
246	1117	-1	-1	
1886	1786	-1	-1	
1223	630	-1	-1	
1312	1695	-1	-1	
1125	1021	537	450	
163	640	922	68	
-1	-1	-1	-1	
1212	361	1120	266	
1501	457	1695	1229	
1407	-1	-1	-1	
1319	1706	-1	-1	
-1	-1	-1	-1	
753	1708	-1	-1	
943	463	1616	-1	
652	1126	1033	1507	
1803	1329	1236	1514	
563	-1	-1	-1	
752	180	943	-1	
1327	938	942	-1	
-1	-1	-1	-1	
1320	465	-1	-1	
1139	557	-1	-1	
1322	-1	-1	-1	
653	85	1618	1045	
570	856	1435	-1	
376	848	660	-1	
1230	-1	-1	-1	
-1	-1	-1	-1	
758	180	-1	-1	
1151	955	1630	-1	
954	-1	-1	-1	
1622	670	-1	-1	
1720	1149	-1	-1	
1526	1333	664	-1	
1144	-1	-1	-1	
-1	-1	-1	-1	
866	-1	-1	-1	
386	486	-1	-1	
-1	-1	-1	-1	
-1	-1	-1	-1	
1068	485	-1	-1	
1452	1358	-1	-1	
483	1264	-1	-1	
1358	682	-1	-1	
299	-1	-1	-1	
678	493	686	-1	
198	689	579	204	
783	586	-1	-1	
206	208	-1	-1	
1744	590	-1	-1	
1462	1166	-1	-1	
494	211	-1	-1	
1839	1178	502	-1	
1072	1458	207	310	
496	-1	-1	-1	
1648	-1	-1	-1	
793	596	1262	-1	
220	-1	-1	-1	
1558	400	-1	-1	
1276	1463	-1	-1	
1556	1367	-1	-1	
1088	889	-1	-1	
1266	502	1280	-1	
1281	791	-1	-1	
-1	-1	-1	-1	
1758	1462	902	-1	
410	-1	-1	-1	
703	1379	606	1576	
132	-1	-1	-1	
-1	-1	-1	-1	
419	805	-1	-1	
131	514	134	1861	
616	-1	-1	-1	
706	1388	-1	-1	
1088	516	1570	-1	
335	-1	-1	-1	
420	615	-1	-1	
433	809	-1	-1	
1669	-1	-1	-1	
-1	-1	-1	-1	
811	423	-1	-1	
-1	-1	-1	-1	
1099	-1	-1	-1	
-1	-1	-1	-1	
536	1483	1306	-1	
145	1487	-1	-1	
430	1593	-1	-1	
249	1499	-1	-1	
813	152	-1	-1	
1597	1023	242	1692	
-1	-1	-1	-1	
245	-1	-1	-1	
157	818	624	-1	
1396	-1	-1	-1	
435	436	1689	-1	
1219	628	-1	-1	
929	1783	-1	-1	
1591	448	633	-1	
1210	1014	1403	1121	
-1	-1	-1	-1	
443	1119	549	739	
259	-1	-1	-1	
1595	1130	-1	-1	
843	-1	-1	-1	
-1	-1	-1	-1	
1801	-1	-1	-1	
1798	1120	-1	-1	
1799	1410	-1	-1	
545	939	-1	-1	
646	1232	-1	-1	
644	-1	-1	-1	
1235	649	-1	-1	
555	1043	-1	-1	
1803	-1	-1	-1	
567	463	-1	-1	
559	467	-1	-1	
-1	-1	-1	-1	
1623	-1	-1	-1	
1037	-1	-1	-1	
-1	-1	-1	-1	
848	948	1913	-1	
-1	-1	-1	-1	
369	569	283	-1	
-1	-1	-1	-1	
472	1233	284	657	
757	287	-1	-1	
1151	-1	-1	-1	
574	-1	-1	-1	
1621	-1	-1	-1	
-1	-1	-1	-1	
-1	-1	-1	-1	
1635	673	1730	-1	
1922	-1	-1	-1	
-1	-1	-1	-1	
1729	-1	-1	-1	
1156	-1	-1	-1	
1640	1454	-1	-1	
-1	-1	-1	-1	
678	1165	-1	-1	
-1	-1	-1	-1	
1933	1835	1263	-1	
-1	-1	-1	-1	
775	400	-1	-1	
965	203	1169	1929	
885	1364	788	-1	
1072	1266	1366	688	
492	1746	1447	-1	
1070	1939	978	-1	
776	-1	-1	-1	
1553	1556	-1	-1	
-1	-1	-1	-1	
1177	1357	877	-1	
308	-1	-1	-1	
405	1745	-1	-1	
888	-1	-1	-1	
1371	703	1942	-1	
-1	-1	-1	-1	
704	1084	1276	1275	
900	-1	-1	-1	
1082	320	612	1850	
218	893	1476	-1	
1953	1754	-1	-1	
1854	1662	-1	-1	
1192	606	999	986	
-1	-1	-1	-1	
1660	-1	-1	-1	
1480	903	901	-1	
617	-1	-1	-1	
513	809	-1	-1	
804	-1	-1	-1	
1186	425	1665	-1	
1193	326	803	-1	
328	809	-1	-1	
1284	-1	-1	-1	
712	1007	-1	-1	
1870	338	-1	-1	
233	627	-1	-1	
1205	1682	918	-1	
-1	-1	-1	-1	
617	1492	-1	-1	
527	-1	-1	-1	
1114	-1	-1	-1	
631	-1	-1	-1	
346	345	1972	1387	
-1	-1	-1	-1	
1775	-1	-1	-1	
1393	727	1208	539	
1497	-1	-1	-1	
-1	-1	-1	-1	
348	1203	1106	-1	
1508	1684	722	-1	
1219	-1	-1	-1	
925	-1	-1	-1	
-1	-1	-1	-1	
1025	1416	1223	-1	
932	1031	-1	-1	
1607	1023	1797	-1	
-1	-1	-1	-1	
1802	1698	1695	-1	
-1	-1	-1	-1	
929	553	1422	650	
547	939	-1	-1	
555	-1	-1	-1	
1701	-1	-1	-1	
-1	-1	-1	-1	
360	1027	-1	-1	
1709	1234	-1	-1	
1228	-1	-1	-1	
371	1524	-1	-1	
-1	-1	-1	-1	
-1	-1	-1	-1	
1523	2001	-1	-1	
-1	-1	-1	-1	
1242	655	-1	-1	
748	946	-1	-1	
846	750	-1	-1	
279	-1	-1	-1	
2007	277	463	-1	
1427	-1	-1	-1	
373	959	-1	-1	
1812	-1	-1	-1	
754	1339	-1	-1	
474	-1	-1	-1	
1149	-1	-1	-1	
957	1148	1725	-1	
664	566	-1	-1	
954	1051	-1	-1	
770	-1	-1	-1	
-1	-1	-1	-1	
1536	-1	-1	-1	
-1	-1	-1	-1	
577	2023	1060	-1	
1440	1442	-1	-1	
1837	-1	-1	-1	
1258	-1	-1	-1	
1925	-1	-1	-1	
872	1360	1633	1262	
579	1933	674	-1	
495	1447	1252	1548	
1553	-1	-1	-1	
1063	-1	-1	-1	
1350	589	975	-1	
1257	300	2030	-1	
1455	585	1351	-1	
1068	-1	-1	-1	
1939	-1	-1	-1	
599	-1	-1	-1	
1659	-1	-1	-1	
795	-1	-1	-1	
798	-1	-1	-1	
2135	-1	-1	-1	
703	504	-1	-1	
1076	2044	1555	1181	
794	1365	977	-1	
405	1758	1282	-1	
1751	-1	-1	-1	
1177	-1	-1	-1	
1860	-1	-1	-1	
791	1767	1271	-1	
888	2045	-1	-1	
706	-1	-1	-1	
324	1959	1095	-1	
1474	2050	1372	1856	
2054	1475	-1	-1	
524	1582	-1	-1	
322	-1	-1	-1	
802	-1	-1	-1	
1088	1673	1296	-1	
1096	2153	-1	-1	
1298	1488	-1	-1	
1484	805	1867	-1	
908	1583	1958	-1	
1776	-1	-1	-1	
911	1877	338	1772	
1292	903	808	1579	
-1	-1	-1	-1	
1394	1398	1397	-1	
1390	1969	-1	-1	
1114	1778	1493	-1	
1969	924	635	533	
1102	1785	-1	-1	
827	1584	627	-1	
1490	1300	1501	-1	
1111	-1	-1	-1	
1409	-1	-1	-1	
1023	436	1216	1590	
-1	-1	-1	-1	
2072	644	932	738	
1695	-1	-1	-1	
637	1691	1401	-1	
1985	-1	-1	-1	
1702	1210	-1	-1	
-1	-1	-1	-1	
648	448	-1	-1	
1020	1992	1116	-1	
1307	359	837	-1	
1993	-1	-1	-1	
-1	-1	-1	-1	
927	1709	1119	-1	
1893	-1	-1	-1	
641	743	1618	-1	
739	1905	1517	455	
755	-1	-1	-1	
1797	1132	-1	-1	
652	933	-1	-1	
363	951	1713	-1	
1336	655	-1	-1	
1034	553	1423	1511	
1049	-1	-1	-1	
1131	842	-1	-1	
1036	-1	-1	-1	
940	-1	-1	-1	
469	1811	-1	-1	
1617	-1	-1	-1	
-1	-1	-1	-1	
1530	764	1527	-1	
755	1914	-1	-1	
1619	1716	1138	-1	
2011	2005	1246	-1	
1333	851	-1	-1	
-1	-1	-1	-1	
1918	381	1243	-1	
855	-1	-1	-1	
1731	-1	-1	-1	
-1	-1	-1	-1	
-1	-1	-1	-1	
1642	-1	-1	-1	
1163	1257	-1	-1	
1349	-1	-1	-1	
2025	1825	-1	-1	
491	-1	-1	-1	
2024	-1	-1	-1	
1252	1833	1167	878	
1930	1159	780	1744	
680	-1	-1	-1	
773	-1	-1	-1	
1737	-1	-1	-1	
1553	981	1161	-1	
789	1065	-1	-1	
2034	967	-1	-1	
689	590	-1	-1	
987	1070	-1	-1	
504	1564	1355	-1	
591	-1	-1	-1	
497	882	796	-1	
894	-1	-1	-1	
1563	1455	1183	-1	
1273	695	1849	1362	
1272	-1	-1	-1	
797	887	1845	-1	
1082	-1	-1	-1	
984	1082	708	1655	
1573	-1	-1	-1	
416	506	1557	-1	
-1	-1	-1	-1	
2140	1765	1860	987	
988	-1	-1	-1	
1179	-1	-1	-1	
2149	-1	-1	-1	
1098	1765	-1	-1	
608	1574	-1	-1	
893	-1	-1	-1	
1964	-1	-1	-1	
-1	-1	-1	-1	
1477	2249	-1	-1	
902	-1	-1	-1	
1867	520	1966	1388	
1199	-1	-1	-1	
1774	-1	-1	-1	
1399	-1	-1	-1	
1863	1390	-1	-1	
812	1192	-1	-1	
2163	912	1582	1495	
1302	1194	1976	916	
1583	1596	-1	-1	
827	1207	-1	-1	
1876	437	-1	-1	
531	1583	1298	1781	
1886	-1	-1	-1	
630	-1	-1	-1	
631	1777	1408	-1	
1792	1009	-1	-1	
1220	-1	-1	-1	
916	-1	-1	-1	
827	1796	1503	538	
-1	-1	-1	-1	
1699	1688	-1	-1	
928	-1	-1	-1	
-1	-1	-1	-1	
1984	-1	-1	-1	
552	-1	-1	-1	
1412	736	548	450	
544	1421	-1	-1	
1890	-1	-1	-1	
935	750	547	-1	
1605	945	-1	-1	
-1	-1	-1	-1	
947	-1	-1	-1	
-1	-1	-1	-1	
1611	2096	1507	-1	
1614	-1	-1	-1	
-1	-1	-1	-1	
943	1514	-1	-1	
746	-1	-1	-1	
1423	940	758	566	
654	2093	1338	-1	
1529	-1	-1	-1	
-1	-1	-1	-1	
1709	958	1244	-1	
1712	-1	-1	-1	
2195	2100	-1	-1	
1231	-1	-1	-1	
1721	1342	-1	-1	
1916	1330	-1	-1	
1146	1910	-1	-1	
-1	-1	-1	-1	
1525	2107	-1	-1	
1337	-1	-1	-1	
2011	-1	-1	-1	
-1	-1	-1	-1	
1736	-1	-1	-1	
1930	1831	-1	-1	
-1	-1	-1	-1	
1443	-1	-1	-1	
1253	-1	-1	-1	
1166	874	-1	-1	
1168	-1	-1	-1	
-1	-1	-1	-1	
1452	-1	-1	-1	
1648	1645	-1	-1	
1938	1267	492	1652	
2124	-1	-1	-1	
1076	1925	-1	-1	
968	966	-1	-1	
1647	-1	-1	-1	
1161	-1	-1	-1	
1651	-1	-1	-1	
1272	-1	-1	-1	
879	1842	1850	-1	
1069	1746	-1	-1	
1178	-1	-1	-1	
1070	-1	-1	-1	
985	-1	-1	-1	
-1	-1	-1	-1	
1762	1568	-1	-1	
605	509	-1	-1	
1080	-1	-1	-1	
1571	1847	1187	2047	
-1	-1	-1	-1	
-1	-1	-1	-1	
2048	-1	-1	-1	
1575	1669	-1	-1	
1482	1468	2053	-1	
-1	-1	-1	-1	
992	2057	1659	-1	
-1	-1	-1	-1	
-1	-1	-1	-1	
612	1955	895	2055	
-1	-1	-1	-1	
-1	-1	-1	-1	
-1	-1	-1	-1	
1392	624	1576	-1	
1108	715	2153	-1	
1584	1291	998	619	
523	-1	-1	-1	
1202	1478	1295	-1	
-1	-1	-1	-1	
1386	-1	-1	-1	
1111	1872	-1	-1	
1201	-1	-1	-1	
1487	1874	-1	-1	
627	823	1018	-1	
1407	1201	2261	-1	
1201	-1	-1	-1	
1294	-1	-1	-1	
1407	1775	-1	-1	
831	733	1214	-1	
728	1976	-1	-1	
1023	-1	-1	-1	
2265	1603	-1	-1	
1494	2079	1684	-1	
736	-1	-1	-1	
1400	1397	934	-1	
1305	-1	-1	-1	
1790	1498	1209	-1	
2273	1032	1795	-1	
1598	-1	-1	-1	
1316	-1	-1	-1	
2275	453	1801	1706	
1504	-1	-1	-1	
1888	-1	-1	-1	
750	1119	2283	1893	
1712	2184	-1	-1	
750	1905	649	2094	
752	-1	-1	-1	
841	1518	-1	-1	
2185	1317	-1	-1	
1125	-1	-1	-1	
1329	1433	2002	1232	
2291	-1	-1	-1	
654	2289	-1	-1	
1613	-1	-1	-1	
1723	1143	-1	-1	
1713	-1	-1	-1	
1532	2296	-1	-1	
1533	-1	-1	-1	
2015	-1	-1	-1	
-1	-1	-1	-1	
2204	1423	-1	-1	
2013	-1	-1	-1	
949	-1	-1	-1	
2303	862	-1	-1	
572	-1	-1	-1	
-1	-1	-1	-1	
-1	-1	-1	-1	
1157	1833	-1	-1	
-1	-1	-1	-1	
1157	-1	-1	-1	
2217	1348	-1	-1	
2026	2022	1738	-1	
1827	-1	-1	-1	
771	2118	-1	-1	
1163	1453	1639	1071	
870	-1	-1	-1	
1924	-1	-1	-1	
-1	-1	-1	-1	
1937	-1	-1	-1	
1353	966	1838	-1	
1447	-1	-1	-1	
777	1061	-1	-1	
1168	1271	595	-1	
-1	-1	-1	-1	
1556	2124	2123	-1	
2226	978	-1	-1	
2222	1750	1554	-1	
-1	-1	-1	-1	
1752	-1	-1	-1	
990	975	-1	-1	
984	786	-1	-1	
695	1658	-1	-1	
1561	-1	-1	-1	
-1	-1	-1	-1	
896	-1	-1	-1	
1377	1852	1660	889	
1566	-1	-1	-1	
604	1854	-1	-1	
-1	-1	-1	-1	
-1	-1	-1	-1	
704	-1	-1	-1	
1187	1672	-1	-1	
1188	-1	-1	-1	
1482	1085	-1	-1	
706	715	1289	1571	
1951	2056	1390	807	
2051	-1	-1	-1	
713	1670	1091	-1	
-1	-1	-1	-1	
1377	1476	2255	-1	
1009	2155	-1	-1	
1195	2065	1672	808	
2054	-1	-1	-1	
1861	-1	-1	-1	
620	1395	1010	-1	
2063	1194	1772	-1	
1962	2065	-1	-1	
1207	-1	-1	-1	
815	825	-1	-1	
1104	-1	-1	-1	
1878	1203	-1	-1	
2072	1405	722	-1	
2078	1297	-1	-1	
819	1882	727	-1	
1112	1688	-1	-1	
1594	1409	2365	-1	
1012	-1	-1	-1	
2173	2071	-1	-1	
933	1979	1207	-1	
-1	-1	-1	-1	
830	1607	1309	-1	
1414	-1	-1	-1	
2279	-1	-1	-1	
1887	2181	-1	-1	
2088	939	1324	-1	
1115	1991	-1	-1	
830	-1	-1	-1	
2280	1983	-1	-1	
1232	1707	-1	-1	
-1	-1	-1	-1	
744	-1	-1	-1	
1988	940	1520	1327	
1522	1715	-1	-1	
2286	1604	2094	-1	
1519	1226	-1	-1	
1719	1705	2101	1420	
2101	1894	1517	1703	
1514	-1	-1	-1	
1623	1626	2103	-1	
1515	-1	-1	-1	
1136	844	1716	-1	
1622	2202	1133	-1	
1341	-1	-1	-1	
958	1917	1714	2006	
1916	1240	-1	-1	
2204	-1	-1	-1	
1727	1331	1721	2202	
1240	-1	-1	-1	
1719	-1	-1	-1	
1429	2301	-1	-1	
2394	1430	-1	-1	
-1	-1	-1	-1	
-1	-1	-1	-1	
1154	-1	-1	-1	
-1	-1	-1	-1	
2021	-1	-1	-1	
-1	-1	-1	-1	
2017	866	-1	-1	
1920	-1	-1	-1	
1545	-1	-1	-1	
-1	-1	-1	-1	
-1	-1	-1	-1	
1542	1824	-1	-1	
1839	1554	-1	-1	
2025	2220	-1	-1	
1163	-1	-1	-1	
2132	-1	-1	-1	
874	-1	-1	-1	
-1	-1	-1	-1	
2318	881	2323	1933	
687	1074	1262	1164	
1546	1459	-1	-1	
1177	1934	793	-1	
985	1457	1074	1944	
1278	-1	-1	-1	
790	1749	983	-1	
887	1749	-1	-1	
1758	1939	-1	-1	
1465	-1	-1	-1	
-1	-1	-1	-1	
1271	1668	891	2139	
1267	-1	-1	-1	
898	-1	-1	-1	
1469	1853	-1	-1	
-1	-1	-1	-1	
1369	2246	2339	-1	
2046	2052	-1	-1	
999	-1	-1	-1	
1372	1477	-1	-1	
2432	-1	-1	-1	
1277	-1	-1	-1	
1679	2157	2240	1285	
1376	1676	2248	-1	
992	1680	1386	1952	
-1	-1	-1	-1	
2349	2061	-1	-1	
1199	-1	-1	-1	
2440	909	-1	-1	
1872	-1	-1	-1	
1189	2156	1297	-1	
1302	1196	1299	-1	
1388	1206	-1	-1	
915	1592	-1	-1	
-1	-1	-1	-1	
-1	-1	-1	-1	
822	-1	-1	-1	
-1	-1	-1	-1	
1875	1210	2165	2167	
1022	916	922	2161	
1693	1585	2065	827	
2177	2355	1011	-1	
1498	1782	-1	-1	
1700	1027	-1	-1	
1299	-1	-1	-1	
2085	1014	1690	-1	
1894	1411	-1	-1	
1977	1692	2271	-1	
1883	732	832	-1	
834	1797	-1	-1	
-1	-1	-1	-1	
1800	2278	1404	2268	
1516	1703	839	2084	
1320	-1	-1	-1	
1699	1983	-1	-1	
1121	1503	1696	-1	
1808	-1	-1	-1	
1801	2381	-1	-1	
2475	-1	-1	-1	
2279	2085	1324	-1	
2477	2000	-1	-1	
1426	-1	-1	-1	
2193	1325	-1	-1	
2199	1911	-1	-1	
2293	938	-1	-1	
1238	-1	-1	-1	
948	2288	1225	-1	
1242	-1	-1	-1	
2201	-1	-1	-1	
756	2001	1053	-1	
1717	956	1524	-1	
1042	1521	-1	-1	
2198	858	-1	-1	
-1	-1	-1	-1	
2005	1521	-1	-1	
-1	-1	-1	-1	
2004	-1	-1	-1	
763	1909	2102	-1	
954	2205	-1	-1	
1919	2110	2013	-1	
-1	-1	-1	-1	
2214	1161	-1	-1	
-1	-1	-1	-1	
1056	1931	-1	-1	
-1	-1	-1	-1	
-1	-1	-1	-1	
-1	-1	-1	-1	
1447	-1	-1	-1	
2500	1934	1061	-1	
-1	-1	-1	-1	
1830	1251	-1	-1	
2029	-1	-1	-1	
2220	1748	-1	-1	
1354	-1	-1	-1	
-1	-1	-1	-1	
1943	1359	-1	-1	
1941	1354	980	2222	
-1	-1	-1	-1	
2233	-1	-1	-1	
1361	-1	-1	-1	
2129	1355	-1	-1	
2327	2037	-1	-1	
1748	787	2040	-1	
2139	2428	1276	-1	
883	-1	-1	-1	
-1	-1	-1	-1	
2130	1464	-1	-1	
1172	1379	-1	-1	
1750	1752	1468	1090	
2038	2037	-1	-1	
1087	-1	-1	-1	
-1	-1	-1	-1	
1951	-1	-1	-1	
1863	1095	-1	-1	
1756	-1	-1	-1	
2430	2240	904	-1	
1563	-1	-1	-1	
1376	1003	1954	-1	
1480	-1	-1	-1	
897	1869	-1	-1	
1474	1484	-1	-1	
1858	806	2065	1192	
2250	-1	-1	-1	
2351	-1	-1	-1	
1575	1681	-1	-1	
2251	2259	-1	-1	
1970	1765	-1	-1	
1574	1958	-1	-1	
1576	2066	-1	-1	
1676	-1	-1	-1	
2255	1102	2353	-1	
-1	-1	-1	-1	
1115	2268	1405	-1	
1785	2447	2360	1876	
1971	-1	-1	-1	
2258	-1	-1	-1	
1696	1497	915	1311	
1019	-1	-1	-1	
2083	1597	-1	-1	
1214	-1	-1	-1	
1599	1014	-1	-1	
1592	2179	-1	-1	
1793	-1	-1	-1	
1213	933	928	1123	
1688	828	1607	-1	
2276	-1	-1	-1	
831	1123	-1	-1	
1311	1606	-1	-1	
1884	1595	-1	-1	
1128	-1	-1	-1	
1216	1994	-1	-1	
1519	1604	838	-1	
2282	-1	-1	-1	
1518	-1	-1	-1	
935	2084	2376	1413	
1798	1511	-1	-1	
937	-1	-1	-1	
1333	1131	1989	1223	
2384	1804	2097	-1	
2377	-1	-1	-1	
1417	1334	-1	-1	
1230	1428	2297	-1	
1526	-1	-1	-1	
1515	2094	-1	-1	
1523	1242	-1	-1	
1622	-1	-1	-1	
758	-1	-1	-1	
1518	1531	2204	-1	
2386	957	-1	-1	
1725	1529	1337	-1	
-1	-1	-1	-1	
1427	-1	-1	-1	
2590	-1	-1	-1	
1721	1149	-1	-1	
859	-1	-1	-1	
1529	-1	-1	-1	
-1	-1	-1	-1	
1059	-1	-1	-1	
2406	1056	1736	-1	
1248	-1	-1	-1	
2411	2598	-1	-1	
1739	-1	-1	-1	
-1	-1	-1	-1	
1833	-1	-1	-1	
1345	1929	1730	-1	
1261	2216	-1	-1	
1444	1833	-1	-1	
1733	1743	-1	-1	
2115	-1	-1	-1	
2123	-1	-1	-1	
-1	-1	-1	-1	
1739	-1	-1	-1	
2135	974	2319	1258	
1078	-1	-1	-1	
1071	1364	-1	-1	
2135	-1	-1	-1	
1654	1644	-1	-1	
1558	2226	2612	1559	
1660	1459	-1	-1	
2427	1180	-1	-1	
1461	2326	1660	1846	
-1	-1	-1	-1	
1086	2620	-1	-1	
-1	-1	-1	-1	
2143	1666	-1	-1	
1761	2523	-1	-1	
990	1560	1179	2524	
-1	-1	-1	-1	
2628	-1	-1	-1	
1757	-1	-1	-1	
2245	1369	1961	-1	
-1	-1	-1	-1	
2148	1865	-1	-1	
2047	1284	1280	1678	
1951	-1	-1	-1	
1864	2345	2635	1183	
-1	-1	-1	-1	
2249	2160	2344	-1	
1964	2437	-1	-1	
-1	-1	-1	-1	
1781	1867	1198	1488	
2164	-1	-1	-1	
1293	-1	-1	-1	
1110	2735	1964	1400	
1197	-1	-1	-1	
2056	1305	2549	-1	
2059	1203	-1	-1	
919	2068	-1	-1	
-1	-1	-1	-1	
1772	1302	-1	-1	
1594	2062	1883	-1	
1791	1021	-1	-1	
2744	-1	-1	-1	
1685	1205	-1	-1	
1888	926	-1	-1	
-1	-1	-1	-1	
2085	2748	2081	-1	
2273	-1	-1	-1	
1409	2465	-1	-1	
1881	1783	-1	-1	
1306	1980	-1	-1	
1694	2657	-1	-1	
1892	1894	-1	-1	
2077	1884	1410	2173	
1309	-1	-1	-1	
1228	1121	1601	2270	
1707	1031	2470	-1	
1032	1988	-1	-1	
1603	2178	2479	1994	
2096	1609	1413	1030	
1123	-1	-1	-1	
940	1038	2380	-1	
2092	1710	-1	-1	
1896	2472	2577	-1	
2089	2574	-1	-1	
-1	-1	-1	-1	
1608	2579	-1	-1	
2194	2199	2102	-1	
-1	-1	-1	-1	
1237	-1	-1	-1	
1145	1817	2297	2393	
2191	2491	2384	2301	
-1	-1	-1	-1	
-1	-1	-1	-1	
2396	-1	-1	-1	
1812	-1	-1	-1	
2580	-1	-1	-1	
-1	-1	-1	-1	
-1	-1	-1	-1	
2103	-1	-1	-1	
2011	-1	-1	-1	
1918	-1	-1	-1	
2311	1545	-1	-1	
1254	-1	-1	-1	
2310	2307	-1	-1	
1445	-1	-1	-1	
-1	-1	-1	-1	
-1	-1	-1	-1	
1642	2410	-1	-1	
2223	2593	1346	1841	
1932	2214	-1	-1	
1257	1440	1735	1738	
2214	1922	-1	-1	
1065	2128	2021	-1	
2211	2410	-1	-1	
2216	1158	-1	-1	
1452	-1	-1	-1	
977	1546	2040	-1	
2132	-1	-1	-1	
1831	-1	-1	-1	
1363	2322	-1	-1	
-1	-1	-1	-1	
2227	-1	-1	-1	
1274	-1	-1	-1	
1752	-1	-1	-1	
2041	1372	-1	-1	
1948	2527	2032	2325	
1272	2035	-1	-1	
2428	1943	1363	1084	
2424	2134	2428	1857	
2626	2049	1468	-1	
1566	-1	-1	-1	
1087	1470	-1	-1	
-1	-1	-1	-1	
1187	-1	-1	-1	
2045	1851	2152	-1	
1673	2724	-1	-1	
2524	2154	1865	-1	
2141	1182	1280	2157	
2251	2444	1486	996	
2251	-1	-1	-1	
2046	1295	2157	1665	
2447	1767	2442	-1	
2241	1859	1764	-1	
-1	-1	-1	-1	
1291	1871	1772	1195	
2057	-1	-1	-1	
2438	1671	-1	-1	
1100	-1	-1	-1	
1867	2357	2350	2359	
1581	1393	-1	-1	
2262	-1	-1	-1	
1395	1968	-1	-1	
1965	1590	-1	-1	
1685	1301	-1	-1	
1198	-1	-1	-1	
1493	-1	-1	-1	
2079	2743	-1	-1	
2073	-1	-1	-1	
1791	2360	-1	-1	
1496	-1	-1	-1	
1600	2068	1885	1782	
1700	1795	-1	-1	
1883	-1	-1	-1	
1896	926	1303	2468	
1506	2175	-1	-1	
2661	1786	1415	-1	
2361	2175	2754	2281	
1318	2279	-1	-1	
-1	-1	-1	-1	
1794	-1	-1	-1	
1224	1416	-1	-1	
2381	1794	1519	1598	
-1	-1	-1	-1	
1886	1805	2764	-1	
1903	2184	-1	-1	
2384	2665	1992	-1	
2082	-1	-1	-1	
2179	2195	-1	-1	
-1	-1	-1	-1	
2765	1995	-1	-1	
1897	-1	-1	-1	
-1	-1	-1	-1	
2296	1418	1226	-1	
-1	-1	-1	-1	
-1	-1	-1	-1	
2092	-1	-1	-1	
2383	2297	1629	2397	
1339	-1	-1	-1	
2580	1615	-1	-1	
2776	-1	-1	-1	
1045	-1	-1	-1	
1241	-1	-1	-1	
2684	-1	-1	-1	
1527	1338	-1	-1	
1526	-1	-1	-1	
1246	2394	1823	-1	
1631	-1	-1	-1	
1541	-1	-1	-1	
-1	-1	-1	-1	
1834	1057	2882	-1	
-1	-1	-1	-1	
1449	-1	-1	-1	
1160	1357	-1	-1	
2504	-1	-1	-1	
2318	2209	2215	2024	
2025	-1	-1	-1	
1068	1736	-1	-1	
1258	1346	2501	-1	
1635	2504	-1	-1	
1832	-1	-1	-1	
1065	1162	1552	-1	
1640	1555	-1	-1	
2801	-1	-1	-1	
-1	-1	-1	-1	
2607	1451	2227	-1	
1355	2130	-1	-1	
1072	1560	1170	-1	
2129	-1	-1	-1	
1648	2424	2511	-1	
2515	2808	2704	1080	
1647	1850	-1	-1	
1556	-1	-1	-1	
2518	-1	-1	-1	
-1	-1	-1	-1	
-1	-1	-1	-1	
1848	-1	-1	-1	
2042	2617	-1	-1	
-1	-1	-1	-1	
1478	2144	1766	1664	
1576	-1	-1	-1	
1086	2054	-1	-1	
2531	1669	-1	-1	
1382	-1	-1	-1	
-1	-1	-1	-1	
2338	2243	2822	-1	
2249	1196	1679	1965	
2143	1186	2051	-1	
-1	-1	-1	-1	
1762	-1	-1	-1	
1489	-1	-1	-1	
2164	-1	-1	-1	
1287	1770	1775	2736	
2828	2444	1875	1958	
1291	-1	-1	-1	
2251	-1	-1	-1	
1874	-1	-1	-1	
1204	1202	2257	-1	
1678	-1	-1	-1	
2364	2257	1686	-1	
2268	2736	1108	2165	
1982	2363	-1	-1	
2462	-1	-1	-1	
-1	-1	-1	-1	
2742	1298	1402	1979	
1599	-1	-1	-1	
-1	-1	-1	-1	
1501	1976	-1	-1	
2259	1792	-1	-1	
2565	-1	-1	-1	
2844	2552	2081	1973	
2551	1510	1606	2662	
1314	2267	2555	-1	
1215	2751	2168	-1	
-1	-1	-1	-1	
-1	-1	-1	-1	
2468	1799	1514	2277	
1709	2855	-1	-1	
2372	-1	-1	-1	
2476	1508	-1	-1	
2373	1219	2758	1898	
1221	2379	-1	-1	
1702	1997	1800	-1	
1902	-1	-1	-1	
-1	-1	-1	-1	
1994	2862	-1	-1	
-1	-1	-1	-1	
2385	-1	-1	-1	
1612	-1	-1	-1	
1621	2775	1136	-1	
2675	1423	-1	-1	
2008	-1	-1	-1	
1628	-1	-1	-1	
2396	2589	1626	1243	
1526	2297	-1	-1	
2387	1142	2584	2300	
2003	-1	-1	-1	
-1	-1	-1	-1	
2676	-1	-1	-1	
1243	1343	2685	1822	
2202	2486	-1	-1	
1434	1631	-1	-1	
-1	-1	-1	-1	
1431	-1	-1	-1	
-1	-1	-1	-1	
1540	2883	-1	-1	
-1	-1	-1	-1	
2787	-1	-1	-1	
2116	2021	-1	-1	
2884	1835	2020	1538	
1444	-1	-1	-1	
1156	-1	-1	-1	
1256	2595	2789	1927	
1928	1254	2221	1547	
1444	2305	-1	-1	
2316	-1	-1	-1	
2222	2504	2596	2693	
1643	-1	-1	-1	
1167	-1	-1	-1	
2519	-1	-1	-1	
2517	1848	-1	-1	
2799	-1	-1	-1	
2712	1264	-1	-1	
1849	-1	-1	-1	
2608	2709	-1	-1	
1661	1653	-1	-1	
1661	2522	2517	-1	
2323	2041	-1	-1	
1839	1654	-1	-1	
1847	2039	-1	-1	
1949	-1	-1	-1	
2241	-1	-1	-1	
1177	2809	2245	-1	
1857	2134	1184	2047	
2906	1863	1569	-1	
1765	1372	2045	2431	
1375	-1	-1	-1	
2152	1852	-1	-1	
1187	-1	-1	-1	
2054	1479	1959	-1	
2151	2533	1569	-1	
1377	-1	-1	-1	
2051	1188	1485	1953	
1382	-1	-1	-1	
1777	1478	2819	2539	
1868	1379	3017	-1	
2151	2153	-1	-1	
1778	2640	2243	-1	
2732	2644	-1	-1	
2538	2729	1578	-1	
2157	1782	-1	-1	
2544	1488	2926	-1	
2646	-1	-1	-1	
1484	1673	1592	1489	
2249	1680	-1	-1	
2162	2445	2642	2836	
1883	1779	-1	-1	
2269	-1	-1	-1	
2456	2078	-1	-1	
2746	1500	2647	-1	
2464	1494	1212	-1	
2939	1880	-1	-1	
2747	-1	-1	-1	
2365	-1	-1	-1	
2944	2841	2360	-1	
1795	2271	2175	-1	
2653	2461	2070	1495	
1879	1405	-1	-1	
-1	-1	-1	-1	
2565	1982	1788	-1	
1899	2847	-1	-1	
1690	2275	-1	-1	
2372	1706	1604	-1	
1597	1788	1611	-1	
2382	2469	-1	-1	
-1	-1	-1	-1	
1507	-1	-1	-1	
2286	1806	2758	-1	
2864	-1	-1	-1	
-1	-1	-1	-1	
1804	2184	2182	1908	
2579	1330	-1	-1	
1418	1715	1516	-1	
2955	-1	-1	-1	
1801	1324	-1	-1	
2289	1710	-1	-1	
2288	-1	-1	-1	
2292	-1	-1	-1	
1335	-1	-1	-1	
1519	1518	2485	-1	
2396	1809	1629	-1	
2387	2968	1821	1521	
-1	-1	-1	-1	
-1	-1	-1	-1	
-1	-1	-1	-1	
2386	2482	2204	1341	
-1	-1	-1	-1	
-1	-1	-1	-1	
1631	-1	-1	-1	
-1	-1	-1	-1	
-1	-1	-1	-1	
2406	2593	-1	-1	
2121	-1	-1	-1	
2217	1740	2215	-1	
2597	2020	2789	-1	
2215	-1	-1	-1	
1446	-1	-1	-1	
2987	2311	2416	-1	
2694	-1	-1	-1	
2599	2114	-1	-1	
2706	-1	-1	-1	
2800	2225	1741	1457	
2307	1457	1356	-1	
-1	-1	-1	-1	
2325	-1	-1	-1	
2132	-1	-1	-1	
1835	-1	-1	-1	
1652	1940	-1	-1	
1658	2427	2511	1938	
2315	2133	2516	2619	
1840	2127	1549	-1	
2518	2131	2319	-1	
2800	1851	2226	2045	
2618	1744	1175	1747	
2812	2902	-1	-1	
2813	-1	-1	-1	
-1	-1	-1	-1	
1655	2712	3005	1563	
1280	-1	-1	-1	
1860	2333	-1	-1	
-1	-1	-1	-1	
1959	1756	-1	-1	
1951	2727	-1	-1	
3010	2714	-1	-1	
3010	-1	-1	-1	
2815	-1	-1	-1	
1764	-1	-1	-1	
1283	2155	-1	-1	
-1	-1	-1	-1	
2058	2052	2432	-1	
2049	1857	-1	-1	
1193	2058	1387	-1	
2155	1859	-1	-1	
2154	2830	2149	1483	
1582	-1	-1	-1	
2062	1574	1863	1860	
-1	-1	-1	-1	
2732	-1	-1	-1	
2929	2349	1769	-1	
2257	1591	-1	-1	
2732	2067	-1	-1	
1297	-1	-1	-1	
1773	2835	1963	-1	
2833	1972	2269	1590	
2644	-1	-1	-1	
2751	2258	1590	-1	
1985	-1	-1	-1	
2266	-1	-1	-1	
2740	-1	-1	-1	
2259	2649	-1	-1	
2756	-1	-1	-1	
1500	2650	2852	1795	
2756	-1	-1	-1	
1889	2265	2077	1887	
-1	-1	-1	-1	
1593	-1	-1	-1	
1800	-1	-1	-1	
1900	1693	2850	-1	
-1	-1	-1	-1	
2562	1506	-1	-1	
3043	2092	2766	-1	
2478	2860	-1	-1	
2092	1897	2275	1417	
1421	2666	2948	-1	
-1	-1	-1	-1	
2765	-1	-1	-1	
2855	-1	-1	-1	
-1	-1	-1	-1	
-1	-1	-1	-1	
1813	2391	2674	-1	
2290	2959	-1	-1	
1614	2763	-1	-1	
1809	2196	-1	-1	
2573	1335	1900	2292	
2194	-1	-1	-1	
2874	-1	-1	-1	
2685	1624	-1	-1	
1615	1809	-1	-1	
-1	-1	-1	-1	
1620	-1	-1	-1	
2012	2398	1524	1529	
-1	-1	-1	-1	
1433	2107	1528	1719	
3071	1630	-1	-1	
-1	-1	-1	-1	
2586	-1	-1	-1	
-1	-1	-1	-1	
1927	-1	-1	-1	
-1	-1	-1	-1	
1836	-1	-1	-1	
2595	2885	-1	-1	
-1	-1	-1	-1	
1633	2502	1834	1832	
2117	2883	1927	2115	
1837	1737	-1	-1	
2115	1443	-1	-1	
-1	-1	-1	-1	
2990	-1	-1	-1	
1644	1547	-1	-1	
2025	-1	-1	-1	
1459	2028	1648	-1	
2697	2600	1831	2312	
2996	2992	-1	-1	
2123	-1	-1	-1	
1458	2705	2134	1749	
2513	2420	1844	1937	
2605	-1	-1	-1	
2897	2323	-1	-1	
2521	2902	2616	-1	
2712	2519	-1	-1	
2612	2719	2620	-1	
1650	-1	-1	-1	
2418	2997	-1	-1	
-1	-1	-1	-1	
2428	2522	2618	-1	
-1	-1	-1	-1	
-1	-1	-1	-1	
2717	-1	-1	-1	
1574	1667	-1	-1	
2043	1865	-1	-1	
-1	-1	-1	-1	
1957	2059	-1	-1	
2821	2815	2427	-1	
1762	2044	-1	-1	
1568	-1	-1	-1	
2734	-1	-1	-1	
2444	2434	1575	-1	
1958	1769	2066	1289	
1674	-1	-1	-1	
1677	1861	1862	1967	
-1	-1	-1	-1	
2731	3018	2453	-1	
2730	2353	-1	-1	
1682	2837	2543	1482	
2840	2834	3018	2454	
2161	1971	1969	-1	
2362	2457	2167	1687	
1677	2171	1980	-1	
2451	-1	-1	-1	
2842	1397	-1	-1	
1873	-1	-1	-1	
2458	2642	2650	2839	
2748	-1	-1	-1	
2554	2175	2355	1404	
2169	-1	-1	-1	
1984	-1	-1	-1	
1972	1684	1603	-1	
2069	2165	2470	-1	
1797	-1	-1	-1	
2648	2359	2077	1599	
-1	-1	-1	-1	
1789	1410	2278	-1	
3039	-1	-1	-1	
1413	2184	2083	-1	
1697	-1	-1	-1	
2463	1988	-1	-1	
1603	2273	2859	-1	
1611	1890	1505	-1	
2372	1510	-1	-1	
1889	2665	-1	-1	
2863	1704	2855	-1	
1416	-1	-1	-1	
2472	2577	-1	-1	
-1	-1	-1	-1	
1516	2580	2089	2870	
-1	-1	-1	-1	
2098	1618	-1	-1	
2097	1425	2767	-1	
2192	-1	-1	-1	
3060	1424	2588	2492	
2099	2300	2195	2584	
1616	2478	-1	-1	
2776	-1	-1	-1	
2579	-1	-1	-1	
1905	2972	1429	-1	
1909	1812	1713	2006	
-1	-1	-1	-1	
-1	-1	-1	-1	
2971	2581	2007	2292	
1813	1532	-1	-1	
-1	-1	-1	-1	
1436	-1	-1	-1	
-1	-1	-1	-1	
2026	-1	-1	-1	
-1	-1	-1	-1	
2124	1826	-1	-1	
2506	-1	-1	-1	
2985	2880	-1	-1	
1826	-1	-1	-1	
2119	1824	-1	-1	
2786	2500	2223	2506	
-1	-1	-1	-1	
-1	-1	-1	-1	
2131	-1	-1	-1	
2027	-1	-1	-1	
2404	2503	-1	-1	
1552	1927	2990	-1	
2795	2796	1744	2133	
2701	-1	-1	-1	
2418	-1	-1	-1	
2414	2325	1842	2415	
2039	2524	1552	2229	
2716	-1	-1	-1	
2715	2322	2126	1848	
2330	2803	1752	-1	
1653	-1	-1	-1	
2999	-1	-1	-1	
2722	-1	-1	-1	
2326	2424	2911	2903	
2905	-1	-1	-1	
-1	-1	-1	-1	
2521	2141	-1	-1	
2526	-1	-1	-1	
-1	-1	-1	-1	
-1	-1	-1	-1	
-1	-1	-1	-1	
1957	-1	-1	-1	
2530	1568	-1	-1	
-1	-1	-1	-1	
-1	-1	-1	-1	
2723	2446	-1	-1	
2624	3011	-1	-1	
1769	-1	-1	-1	
1767	-1	-1	-1	
2353	-1	-1	-1	
-1	-1	-1	-1	
-1	-1	-1	-1	
1578	2160	-1	-1	
1871	3027	-1	-1	
1675	-1	-1	-1	
2639	2740	-1	-1	
2346	2254	1682	-1	
2455	2830	-1	-1	
2265	1593	-1	-1	
2839	-1	-1	-1	
2446	1871	2554	2744	
2751	3029	-1	-1	
2840	2271	1871	-1	
3027	1685	1881	2076	
1889	-1	-1	-1	
2738	2258	-1	-1	
2368	1973	-1	-1	
1971	-1	-1	-1	
2075	1498	2561	-1	
2751	-1	-1	-1	
2567	-1	-1	-1	
2363	-1	-1	-1	
2653	-1	-1	-1	
2463	2457	-1	-1	
2668	-1	-1	-1	
2280	1990	2084	3040	
2950	1992	-1	-1	
3039	2857	2942	-1	
-1	-1	-1	-1	
2763	2478	1706	-1	
1711	-1	-1	-1	
-1	-1	-1	-1	
1993	2482	-1	-1	
1803	2663	2485	-1	
1894	1609	-1	-1	
2086	-1	-1	-1	
1909	-1	-1	-1	
1813	1710	1898	-1	
1999	-1	-1	-1	
1720	2107	2583	-1	
2007	3057	2103	2770	
-1	-1	-1	-1	
2875	-1	-1	-1	
-1	-1	-1	-1	
2191	-1	-1	-1	
2778	-1	-1	-1	
1812	-1	-1	-1	
1533	1918	-1	-1	
-1	-1	-1	-1	
2102	2005	2876	1816	
1909	-1	-1	-1	
2202	-1	-1	-1	
-1	-1	-1	-1	
-1	-1	-1	-1	
-1	-1	-1	-1	
2497	-1	-1	-1	
-1	-1	-1	-1	
2691	2693	2317	-1	
-1	-1	-1	-1	
1730	2113	-1	-1	
2985	2592	-1	-1	
-1	-1	-1	-1	
2894	-1	-1	-1	
1836	2898	2413	1830	
2699	1732	2886	-1	
2895	2984	2506	2894	
2410	-1	-1	-1	
2322	-1	-1	-1	
2608	2322	-1	-1	
2119	-1	-1	-1	
-1	-1	-1	-1	
2234	2321	-1	-1	
2997	2421	-1	-1	
2227	2995	-1	-1	
2526	2419	2904	-1	
2806	2907	2812	-1	
2897	-1	-1	-1	
1851	1941	2330	2522	
-1	-1	-1	-1	
2904	-1	-1	-1	
1751	2711	2244	2130	
2236	1850	1851	1655	
-1	-1	-1	-1	
1667	2721	2902	-1	
2536	2047	-1	-1	
1572	2151	-1	-1	
2722	-1	-1	-1	
2248	-1	-1	-1	
2445	-1	-1	-1	
-1	-1	-1	-1	
2814	1770	-1	-1	
1869	-1	-1	-1	
-1	-1	-1	-1	
1580	-1	-1	-1	
-1	-1	-1	-1	
1864	-1	-1	-1	
-1	-1	-1	-1	
1965	1861	2828	2248	
2067	2435	-1	-1	
2357	2342	-1	-1	
1864	1685	-1	-1	
-1	-1	-1	-1	
-1	-1	-1	-1	
2459	2831	-1	-1	
2260	2454	2651	-1	
2651	-1	-1	-1	
2253	-1	-1	-1	
2451	2256	-1	-1	
2354	-1	-1	-1	
2070	-1	-1	-1	
2370	2258	-1	-1	
2263	-1	-1	-1	
2450	-1	-1	-1	
2936	-1	-1	-1	
2078	-1	-1	-1	
2660	1974	-1	-1	
2656	2370	2277	-1	
2750	2072	-1	-1	
1790	-1	-1	-1	
-1	-1	-1	-1	
2747	-1	-1	-1	
1988	1886	-1	-1	
2086	-1	-1	-1	
2269	1798	-1	-1	
2568	2570	-1	-1	
1805	2284	-1	-1	
-1	-1	-1	-1	
2482	-1	-1	-1	
1610	-1	-1	-1	
2565	1991	-1	-1	
3059	1612	-1	-1	
2183	2961	2293	2376	
2578	1800	2484	2572	
-1	-1	-1	-1	
2484	-1	-1	-1	
2474	2379	2107	-1	
-1	-1	-1	-1	
2479	2481	-1	-1	
2101	2780	2380	-1	
2673	2012	3059	2873	
2973	-1	-1	-1	
-1	-1	-1	-1	
2492	3060	-1	-1	
-1	-1	-1	-1	
1813	2872	-1	-1	
2489	2291	2777	2782	
-1	-1	-1	-1	
-1	-1	-1	-1	
-1	-1	-1	-1	
2882	-1	-1	-1	
2785	2402	-1	-1	
-1	-1	-1	-1	
2883	-1	-1	-1	
1640	2312	-1	-1	
2890	1930	-1	-1	
2214	-1	-1	-1	
2317	-1	-1	-1	
2028	1926	1931	-1	
-1	-1	-1	-1	
2312	2412	2308	-1	
2693	-1	-1	-1	
-1	-1	-1	-1	
2605	2709	-1	-1	
2704	-1	-1	-1	
2706	2606	2130	1941	
-1	-1	-1	-1	
2227	2993	-1	-1	
-1	-1	-1	-1	
1942	-1	-1	-1	
2797	2131	-1	-1	
2032	2710	2038	3000	
2133	1945	2908	-1	
2031	2231	-1	-1	
2816	2526	-1	-1	
2230	2333	2905	-1	
2038	2236	2424	-1	
1757	2624	-1	-1	
2323	1859	1758	2528	
-1	-1	-1	-1	
2421	2520	2912	2334	
1848	-1	-1	-1	
2524	-1	-1	-1	
-1	-1	-1	-1	
2339	2915	-1	-1	
2916	1954	-1	-1	
2819	-1	-1	-1	
2541	2052	-1	-1	
-1	-1	-1	-1	
2910	2927	-1	-1	
2919	2431	-1	-1	
-1	-1	-1	-1	
2061	2632	-1	-1	
2735	2056	-1	-1	
-1	-1	-1	-1	
2533	3024	-1	-1	
3021	-1	-1	-1	
2255	-1	-1	-1	
2063	2745	-1	-1	
-1	-1	-1	-1	
2831	-1	-1	-1	
2922	-1	-1	-1	
-1	-1	-1	-1	
3022	1777	-1	-1	
-1	-1	-1	-1	
1983	-1	-1	-1	
2753	1982	-1	-1	
2645	-1	-1	-1	
2265	2357	2654	-1	
1984	-1	-1	-1	
3039	-1	-1	-1	
-1	-1	-1	-1	
3042	-1	-1	-1	
-1	-1	-1	-1	
-1	-1	-1	-1	
2365	2753	-1	-1	
2181	-1	-1	-1	
2663	2567	3039	-1	
3050	-1	-1	-1	
1981	2765	2081	2476	
-1	-1	-1	-1	
2367	2563	-1	-1	
2471	-1	-1	-1	
2665	-1	-1	-1	
2471	-1	-1	-1	
-1	-1	-1	-1	
2479	-1	-1	-1	
2195	-1	-1	-1	
2774	3050	1806	-1	
-1	-1	-1	-1	
2674	-1	-1	-1	
2957	1805	2284	-1	
2862	2479	-1	-1	
2295	2093	1808	-1	
2286	2865	1911	1818	
2300	-1	-1	-1	
-1	-1	-1	-1	
2386	2877	2875	-1	
2007	2292	-1	-1	
2879	-1	-1	-1	
2207	-1	-1	-1	
-1	-1	-1	-1	
2291	3070	-1	-1	
2005	-1	-1	-1	
1724	-1	-1	-1	
-1	-1	-1	-1	
2407	-1	-1	-1	
1831	2113	-1	-1	
2792	2881	-1	-1	
2212	2024	2790	-1	
2884	2028	-1	-1	
2116	-1	-1	-1	
1732	-1	-1	-1	
2121	-1	-1	-1	
2223	-1	-1	-1	
-1	-1	-1	-1	
2891	2980	-1	-1	
2893	-1	-1	-1	
-1	-1	-1	-1	
2509	2228	-1	-1	
2992	2511	-1	-1	
1937	2611	2793	-1	
2796	2899	2036	2415	
-1	-1	-1	-1	
2896	2794	-1	-1	
2607	-1	-1	-1	
2232	2909	2900	1749	
2619	-1	-1	-1	
-1	-1	-1	-1	
2622	-1	-1	-1	
2230	-1	-1	-1	
1949	-1	-1	-1	
2135	2236	-1	-1	
2613	2804	2131	-1	
3013	1754	2232	-1	
-1	-1	-1	-1	
2624	2805	2615	-1	
2630	-1	-1	-1	
2343	2523	2622	-1	
3010	-1	-1	-1	
1852	2727	2635	-1	
2813	3016	-1	-1	
2635	1760	-1	-1	
2636	2915	-1	-1	
2623	-1	-1	-1	
-1	-1	-1	-1	
2538	-1	-1	-1	
-1	-1	-1	-1	
2641	-1	-1	-1	
2628	1767	2626	-1	
2629	-1	-1	-1	
2737	-1	-1	-1	
-1	-1	-1	-1	
2352	2921	-1	-1	
2059	-1	-1	-1	
2634	-1	-1	-1	
2263	2067	-1	-1	
-1	-1	-1	-1	
2060	2844	2166	-1	
2553	-1	-1	-1	
2931	2064	-1	-1	
2071	-1	-1	-1	
2271	-1	-1	-1	
2850	2839	2171	-1	
2173	3038	3042	2263	
2451	2452	-1	-1	
3036	-1	-1	-1	
3043	2078	2369	2943	
2554	-1	-1	-1	
-1	-1	-1	-1	
2463	2849	2744	-1	
2757	2850	1793	-1	
2752	-1	-1	-1	
-1	-1	-1	-1	
2462	-1	-1	-1	
1888	-1	-1	-1	
3041	1983	-1	-1	
2563	2380	-1	-1	
3046	-1	-1	-1	
1898	2569	2281	-1	
2185	2757	-1	-1	
-1	-1	-1	-1	
2371	-1	-1	-1	
2869	-1	-1	-1	
-1	-1	-1	-1	
2676	-1	-1	-1	
-1	-1	-1	-1	
2486	-1	-1	-1	
2576	2191	-1	-1	
2766	2002	-1	-1	
2010	2873	2671	-1	
-1	-1	-1	-1	
3069	-1	-1	-1	
-1	-1	-1	-1	
-1	-1	-1	-1	
-1	-1	-1	-1	
-1	-1	-1	-1	
-1	-1	-1	-1	
1915	-1	-1	-1	
2198	2011	-1	-1	
-1	-1	-1	-1	
-1	-1	-1	-1	
-1	-1	-1	-1	
-1	-1	-1	-1	
-1	-1	-1	-1	
2404	-1	-1	-1	
-1	-1	-1	-1	
2404	2507	2028	-1	
2120	-1	-1	-1	
-1	-1	-1	-1	
-1	-1	-1	-1	
2223	-1	-1	-1	
-1	-1	-1	-1	
2411	-1	-1	-1	
-1	-1	-1	-1	
2320	-1	-1	-1	
2890	-1	-1	-1	
2706	-1	-1	-1	
2984	2510	1942	-1	
2891	2226	2984	-1	
2511	2122	2894	2703	
-1	-1	-1	-1	
-1	-1	-1	-1	
2895	2509	2036	-1	
2517	-1	-1	-1	
2427	-1	-1	-1	
2034	2231	2139	-1	
-1	-1	-1	-1	
2145	2910	-1	-1	
2325	2819	-1	-1	
3006	2324	-1	-1	
2820	2239	-1	-1	
2901	-1	-1	-1	
2720	2232	-1	-1	
2719	-1	-1	-1	
2430	-1	-1	-1	
2433	2329	-1	-1	
2342	-1	-1	-1	
1858	-1	-1	-1	
-1	-1	-1	-1	
-1	-1	-1	-1	
2626	2144	-1	-1	
-1	-1	-1	-1	
2061	-1	-1	-1	
2254	3016	-1	-1	
2253	-1	-1	-1	
2060	2162	2159	-1	
-1	-1	-1	-1	
3017	2247	-1	-1	
2539	1775	-1	-1	
1972	3028	1964	2739	
2637	-1	-1	-1	
2362	2843	-1	-1	
2736	-1	-1	-1	
2170	3036	2352	-1	
-1	-1	-1	-1	
1976	2943	3032	-1	
2944	1879	-1	-1	
2849	1784	2357	2656	
2754	2544	-1	-1	
2071	2934	-1	-1	
2074	2467	-1	-1	
2264	1788	2931	-1	
-1	-1	-1	-1	
2464	-1	-1	-1	
2358	1985	2366	2167	
2658	-1	-1	-1	
2552	3048	2561	3033	
1889	2745	-1	-1	
2842	-1	-1	-1	
2174	2172	-1	-1	
2657	2858	2666	-1	
2089	1992	-1	-1	
-1	-1	-1	-1	
-1	-1	-1	-1	
3042	-1	-1	-1	
3052	-1	-1	-1	
2376	2193	-1	-1	
1896	2852	-1	-1	
2565	2854	2187	1902	
2675	2182	-1	-1	
2289	-1	-1	-1	
-1	-1	-1	-1	
2963	-1	-1	-1	
2387	-1	-1	-1	
-1	-1	-1	-1	
3056	-1	-1	-1	
-1	-1	-1	-1	
2574	-1	-1	-1	
2001	-1	-1	-1	
2864	2294	1912	-1	
2492	-1	-1	-1	
2392	-1	-1	-1	
-1	-1	-1	-1	
2485	-1	-1	-1	
-1	-1	-1	-1	
2492	-1	-1	-1	
-1	-1	-1	-1	
-1	-1	-1	-1	
2497	-1	-1	-1	
2312	-1	-1	-1	
2019	-1	-1	-1	
2978	-1	-1	-1	
2116	2024	-1	-1	
2595	-1	-1	-1	
2992	-1	-1	-1	
2594	-1	-1	-1	
2799	2607	2994	-1	
2610	-1	-1	-1	
2319	2981	-1	-1	
2608	2319	-1	-1	
2516	2981	-1	-1	
-1	-1	-1	-1	
2793	2033	-1	-1	
2134	2123	-1	-1	
1935	-1	-1	-1	
-1	-1	-1	-1	
2326	2812	-1	-1	
2619	-1	-1	-1	
2900	2907	2622	-1	
2422	3000	-1	-1	
-1	-1	-1	-1	
1942	-1	-1	-1	
2044	-1	-1	-1	
-1	-1	-1	-1	
-1	-1	-1	-1	
2136	2803	2422	-1	
2627	2814	2137	2999	
2437	2908	2813	-1	
2147	2244	-1	-1	
2520	-1	-1	-1	
2921	-1	-1	-1	
-1	-1	-1	-1	
2915	2715	2532	2056	
2717	-1	-1	-1	
2244	-1	-1	-1	
1957	-1	-1	-1	
2914	-1	-1	-1	
2920	-1	-1	-1	
-1	-1	-1	-1	
-1	-1	-1	-1	
-1	-1	-1	-1	
1965	2444	-1	-1	
-1	-1	-1	-1	
2155	2354	-1	-1	
2546	2450	-1	-1	
-1	-1	-1	-1	
2920	2165	-1	-1	
2256	-1	-1	-1	
2164	-1	-1	-1	
2067	-1	-1	-1	
2255	-1	-1	-1	
-1	-1	-1	-1	
2356	2649	2263	-1	
2359	2256	-1	-1	
2076	-1	-1	-1	
2261	2755	-1	-1	
2738	-1	-1	-1	
1982	2644	-1	-1	
-1	-1	-1	-1	
-1	-1	-1	-1	
2082	-1	-1	-1	
2856	-1	-1	-1	
2744	2656	-1	-1	
2649	2657	2179	2950	
-1	-1	-1	-1	
2955	2173	2764	-1	
-1	-1	-1	-1	
2765	-1	-1	-1	
2188	2282	2955	1989	
2954	2848	-1	-1	
2374	-1	-1	-1	
2757	-1	-1	-1	
2278	-1	-1	-1	
2183	-1	-1	-1	
2865	-1	-1	-1	
2578	1997	2954	-1	
2282	-1	-1	-1	
2776	2090	-1	-1	
2580	2861	-1	-1	
-1	-1	-1	-1	
-1	-1	-1	-1	
-1	-1	-1	-1	
2669	3066	-1	-1	
2286	-1	-1	-1	
-1	-1	-1	-1	
2491	3055	-1	-1	
2676	2486	-1	-1	
2197	-1	-1	-1	
2389	2583	-1	-1	
2970	2396	-1	-1	
2583	-1	-1	-1	
-1	-1	-1	-1	
2585	-1	-1	-1	
2309	-1	-1	-1	
2594	-1	-1	-1	
2496	1922	-1	-1	
2499	2215	2891	2017	
2021	2596	-1	-1	
2212	-1	-1	-1	
2411	-1	-1	-1	
2893	-1	-1	-1	
-1	-1	-1	-1	
-1	-1	-1	-1	
2501	2702	-1	-1	
2705	2883	2602	-1	
2992	-1	-1	-1	
2603	2887	-1	-1	
2409	2706	2412	-1	
2709	2412	2988	-1	
2610	-1	-1	-1	
2423	2229	-1	-1	
2410	-1	-1	-1	
2608	-1	-1	-1	
2805	2612	-1	-1	
2718	-1	-1	-1	
2230	2136	2430	-1	
2330	-1	-1	-1	
2426	2421	-1	-1	
2331	2521	-1	-1	
2046	-1	-1	-1	
2805	2422	-1	-1	
2814	2518	-1	-1	
2612	-1	-1	-1	
2535	2714	-1	-1	
2330	-1	-1	-1	
2526	-1	-1	-1	
2920	-1	-1	-1	
2823	-1	-1	-1	
2819	2629	2530	-1	
2531	-1	-1	-1	
-1	-1	-1	-1	
-1	-1	-1	-1	
2536	3018	-1	-1	
2833	2913	2824	-1	
2817	2639	-1	-1	
2547	3023	-1	-1	
-1	-1	-1	-1	
3018	-1	-1	-1	
-1	-1	-1	-1	
2063	-1	-1	-1	
2535	-1	-1	-1	
-1	-1	-1	-1	
2160	-1	-1	-1	
-1	-1	-1	-1	
2646	3023	2748	-1	
-1	-1	-1	-1	
-1	-1	-1	-1	
2746	-1	-1	-1	
-1	-1	-1	-1	
2460	-1	-1	-1	
-1	-1	-1	-1	
-1	-1	-1	-1	
2073	-1	-1	-1	
-1	-1	-1	-1	
-1	-1	-1	-1	
2374	-1	-1	-1	
3030	2742	2653	-1	
2076	2743	-1	-1	
-1	-1	-1	-1	
-1	-1	-1	-1	
3048	-1	-1	-1	
2185	-1	-1	-1	
3045	-1	-1	-1	
2373	2850	-1	-1	
3050	-1	-1	-1	
-1	-1	-1	-1	
-1	-1	-1	-1	
2856	2862	-1	-1	
2852	2095	2855	-1	
-1	-1	-1	-1	
2577	-1	-1	-1	
-1	-1	-1	-1	
2192	-1	-1	-1	
-1	-1	-1	-1	
2478	-1	-1	-1	
-1	-1	-1	-1	
2769	-1	-1	-1	
-1	-1	-1	-1	
-1	-1	-1	-1	
-1	-1	-1	-1	
-1	-1	-1	-1	
2103	-1	-1	-1	
-1	-1	-1	-1	
2876	-1	-1	-1	
2300	-1	-1	-1	
2296	-1	-1	-1	
2487	-1	-1	-1	
-1	-1	-1	-1	
-1	-1	-1	-1	
-1	-1	-1	-1	
-1	-1	-1	-1	
2788	-1	-1	-1	
-1	-1	-1	-1	
2602	-1	-1	-1	
2795	2797	-1	-1	
-1	-1	-1	-1	
-1	-1	-1	-1	
2704	2412	2705	-1	
2407	2309	-1	-1	
-1	-1	-1	-1	
2119	-1	-1	-1	
2895	-1	-1	-1	
-1	-1	-1	-1	
2219	2318	-1	-1	
-1	-1	-1	-1	
2606	2791	2892	2224	
2513	-1	-1	-1	
2793	-1	-1	-1	
2420	-1	-1	-1	
2224	-1	-1	-1	
2419	2234	-1	-1	
-1	-1	-1	-1	
2328	2813	-1	-1	
2806	2517	-1	-1	
-1	-1	-1	-1	
-1	-1	-1	-1	
-1	-1	-1	-1	
3006	-1	-1	-1	
2139	-1	-1	-1	
2716	3004	-1	-1	
-1	-1	-1	-1	
-1	-1	-1	-1	
-1	-1	-1	-1	
2145	2146	2625	-1	
2343	-1	-1	-1	
-1	-1	-1	-1	
2620	-1	-1	-1	
-1	-1	-1	-1	
-1	-1	-1	-1	
2627	2730	3023	-1	
2734	2057	-1	-1	
2253	2924	2256	2919	
-1	-1	-1	-1	
-1	-1	-1	-1	
2542	-1	-1	-1	
2549	-1	-1	-1	
2931	2922	3016	-1	
2541	-1	-1	-1	
-1	-1	-1	-1	
3028	3032	-1	-1	
2360	2350	-1	-1	
3026	2736	-1	-1	
2358	-1	-1	-1	
2943	-1	-1	-1	
-1	-1	-1	-1	
3026	2742	-1	-1	
2753	-1	-1	-1	
-1	-1	-1	-1	
-1	-1	-1	-1	
2740	2652	-1	-1	
-1	-1	-1	-1	
2650	-1	-1	-1	
2374	2556	2274	2563	
2372	-1	-1	-1	
2662	-1	-1	-1	
2558	2761	2650	-1	
2653	2182	-1	-1	
-1	-1	-1	-1	
2949	-1	-1	-1	
2664	-1	-1	-1	
-1	-1	-1	-1	
2753	2947	-1	-1	
3052	-1	-1	-1	
2951	2574	2564	-1	
-1	-1	-1	-1	
2762	3049	-1	-1	
-1	-1	-1	-1	
-1	-1	-1	-1	
2872	-1	-1	-1	
2772	-1	-1	-1	
2387	-1	-1	-1	
-1	-1	-1	-1	
2477	2486	-1	-1	
2489	2291	-1	-1	
-1	-1	-1	-1	
-1	-1	-1	-1	
-1	-1	-1	-1	
-1	-1	-1	-1	
-1	-1	-1	-1	
2869	-1	-1	-1	
-1	-1	-1	-1	
-1	-1	-1	-1	
2678	-1	-1	-1	
2588	-1	-1	-1	
2205	-1	-1	-1	
